E, [2017-08-22T15:56:32.601680 #3340] ERROR -- Kitchen: ------Exception-------
E, [2017-08-22T15:56:32.601812 #3340] ERROR -- Kitchen: Class: Kitchen::UserError
E, [2017-08-22T15:56:32.601856 #3340] ERROR -- Kitchen: Message: Kitchen YAML file /root/chef-repo/cookbooks/.kitchen.yml does not exist.
E, [2017-08-22T15:56:32.601876 #3340] ERROR -- Kitchen: ----------------------
E, [2017-08-22T15:56:32.601890 #3340] ERROR -- Kitchen: ------Backtrace-------
E, [2017-08-22T15:56:32.601903 #3340] ERROR -- Kitchen: /opt/chefdk/embedded/lib/ruby/gems/2.4.0/gems/test-kitchen-1.16.0/lib/kitchen/loader/yaml.rb:71:in `read'
E, [2017-08-22T15:56:32.601916 #3340] ERROR -- Kitchen: /opt/chefdk/embedded/lib/ruby/gems/2.4.0/gems/test-kitchen-1.16.0/lib/kitchen/config.rb:152:in `data'
E, [2017-08-22T15:56:32.601929 #3340] ERROR -- Kitchen: /opt/chefdk/embedded/lib/ruby/gems/2.4.0/gems/test-kitchen-1.16.0/lib/kitchen/config.rb:131:in `suites'
E, [2017-08-22T15:56:32.601955 #3340] ERROR -- Kitchen: /opt/chefdk/embedded/lib/ruby/gems/2.4.0/gems/test-kitchen-1.16.0/lib/kitchen/config.rb:182:in `filter_instances'
E, [2017-08-22T15:56:32.601968 #3340] ERROR -- Kitchen: /opt/chefdk/embedded/lib/ruby/gems/2.4.0/gems/test-kitchen-1.16.0/lib/kitchen/config.rb:141:in `build_instances'
E, [2017-08-22T15:56:32.601981 #3340] ERROR -- Kitchen: /opt/chefdk/embedded/lib/ruby/gems/2.4.0/gems/test-kitchen-1.16.0/lib/kitchen/config.rb:117:in `instances'
E, [2017-08-22T15:56:32.601993 #3340] ERROR -- Kitchen: /opt/chefdk/embedded/lib/ruby/gems/2.4.0/gems/test-kitchen-1.16.0/lib/kitchen/command.rb:112:in `filtered_instances'
E, [2017-08-22T15:56:32.602005 #3340] ERROR -- Kitchen: /opt/chefdk/embedded/lib/ruby/gems/2.4.0/gems/test-kitchen-1.16.0/lib/kitchen/command.rb:142:in `parse_subcommand'
E, [2017-08-22T15:56:32.602017 #3340] ERROR -- Kitchen: /opt/chefdk/embedded/lib/ruby/gems/2.4.0/gems/test-kitchen-1.16.0/lib/kitchen/command/list.rb:30:in `call'
E, [2017-08-22T15:56:32.602029 #3340] ERROR -- Kitchen: /opt/chefdk/embedded/lib/ruby/gems/2.4.0/gems/test-kitchen-1.16.0/lib/kitchen/cli.rb:53:in `perform'
E, [2017-08-22T15:56:32.602041 #3340] ERROR -- Kitchen: /opt/chefdk/embedded/lib/ruby/gems/2.4.0/gems/test-kitchen-1.16.0/lib/kitchen/cli.rb:121:in `list'
E, [2017-08-22T15:56:32.602052 #3340] ERROR -- Kitchen: /opt/chefdk/embedded/lib/ruby/gems/2.4.0/gems/thor-0.19.1/lib/thor/command.rb:27:in `run'
E, [2017-08-22T15:56:32.602064 #3340] ERROR -- Kitchen: /opt/chefdk/embedded/lib/ruby/gems/2.4.0/gems/thor-0.19.1/lib/thor/invocation.rb:126:in `invoke_command'
E, [2017-08-22T15:56:32.602076 #3340] ERROR -- Kitchen: /opt/chefdk/embedded/lib/ruby/gems/2.4.0/gems/test-kitchen-1.16.0/lib/kitchen/cli.rb:334:in `invoke_task'
E, [2017-08-22T15:56:32.602088 #3340] ERROR -- Kitchen: /opt/chefdk/embedded/lib/ruby/gems/2.4.0/gems/thor-0.19.1/lib/thor.rb:359:in `dispatch'
E, [2017-08-22T15:56:32.602100 #3340] ERROR -- Kitchen: /opt/chefdk/embedded/lib/ruby/gems/2.4.0/gems/thor-0.19.1/lib/thor/base.rb:440:in `start'
E, [2017-08-22T15:56:32.602111 #3340] ERROR -- Kitchen: /opt/chefdk/embedded/lib/ruby/gems/2.4.0/gems/test-kitchen-1.16.0/bin/kitchen:13:in `block in <top (required)>'
E, [2017-08-22T15:56:32.602123 #3340] ERROR -- Kitchen: /opt/chefdk/embedded/lib/ruby/gems/2.4.0/gems/test-kitchen-1.16.0/lib/kitchen/errors.rb:171:in `with_friendly_errors'
E, [2017-08-22T15:56:32.602135 #3340] ERROR -- Kitchen: /opt/chefdk/embedded/lib/ruby/gems/2.4.0/gems/test-kitchen-1.16.0/bin/kitchen:13:in `<top (required)>'
E, [2017-08-22T15:56:32.602147 #3340] ERROR -- Kitchen: /bin/kitchen:263:in `load'
E, [2017-08-22T15:56:32.602158 #3340] ERROR -- Kitchen: /bin/kitchen:263:in `<main>'
E, [2017-08-22T15:56:32.602170 #3340] ERROR -- Kitchen: ----End Backtrace-----
